<?xml version="1.0" encoding="UTF-8"?>
<!-- Generated by org.testng.reporters.JUnitReportReporter -->
<testsuite hostname="LAPTOP-N7JTQDTK" failures="0" tests="1" name="practice.CreateorganisationTest" time="21.583" errors="0" timestamp="2023-04-02T15:42:13 IST" skipped="0">
  <testcase classname="practice.CreateorganisationTest" name="createorg" time="21.583"/>
  <system-out/>
</testsuite> <!-- practice.CreateorganisationTest -->
