<?xml version="1.0" encoding="UTF-8"?>
<!-- Generated by org.testng.reporters.JUnitReportReporter -->
<testsuite hostname="LAPTOP-N7JTQDTK" failures="0" tests="1" name="practice.Createorganisation" time="9.782" errors="0" timestamp="2023-03-24T08:03:45 IST" skipped="0">
  <testcase classname="practice.Createorganisation" name="createorg" time="9.782"/>
  <system-out/>
</testsuite> <!-- practice.Createorganisation -->
