<?xml version="1.0" encoding="UTF-8"?>
<!-- Generated by org.testng.reporters.JUnitReportReporter -->
<testsuite hostname="LAPTOP-N7JTQDTK" failures="0" tests="4" name="practice.TestClass2" time="0.006" errors="0" timestamp="2023-04-02T16:40:20 IST" skipped="0">
  <testcase classname="practice.TestClass2" name="testmethod5" time="0.002"/>
  <system-out/>
  <testcase classname="practice.TestClass2" name="testmethod7" time="0.001"/>
  <system-out/>
  <testcase classname="practice.TestClass2" name="testmethod8" time="0.001"/>
  <system-out/>
  <testcase classname="practice.TestClass2" name="testmethod6" time="0.002"/>
  <system-out/>
</testsuite> <!-- practice.TestClass2 -->
