<?xml version="1.0" encoding="UTF-8"?>
<!-- Generated by org.testng.reporters.JUnitReportReporter -->
<testsuite hostname="LAPTOP-N7JTQDTK" failures="0" tests="1" name="practice.Practice_Test" time="0.008" errors="0" timestamp="2023-04-01T08:20:33 IST" skipped="0">
  <testcase classname="practice.Practice_Test" name="smoke" time="0.008"/>
  <system-out/>
</testsuite> <!-- practice.Practice_Test -->
