<?xml version="1.0" encoding="UTF-8"?>
<!-- Generated by org.testng.reporters.JUnitReportReporter -->
<testsuite hostname="LAPTOP-N7JTQDTK" failures="0" tests="1" name="practice.TestClass1" time="0.001" errors="0" timestamp="2023-04-01T08:20:33 IST" skipped="0">
  <testcase classname="practice.TestClass1" name="testmethod1" time="0.001"/>
  <system-out/>
</testsuite> <!-- practice.TestClass1 -->
