<?xml version="1.0" encoding="UTF-8"?>
<!-- Generated by org.testng.reporters.JUnitReportReporter -->
<testsuite hostname="LAPTOP-N7JTQDTK" failures="0" tests="4" name="practice.TestClass3" time="0.011" errors="0" timestamp="2023-04-02T16:40:20 IST" skipped="0">
  <testcase classname="practice.TestClass3" name="testmethod11" time="0.003"/>
  <system-out/>
  <testcase classname="practice.TestClass3" name="testmethod9" time="0.003"/>
  <system-out/>
  <testcase classname="practice.TestClass3" name="testmethod10" time="0.003"/>
  <system-out/>
  <testcase classname="practice.TestClass3" name="testmethod12" time="0.002"/>
  <system-out/>
</testsuite> <!-- practice.TestClass3 -->
