<?xml version="1.0" encoding="UTF-8"?>
<!-- Generated by org.testng.reporters.JUnitReportReporter -->
<testsuite hostname="LAPTOP-N7JTQDTK" failures="0" tests="1" name="practice.CreateorganisationTest" time="18.812" errors="0" timestamp="2023-04-02T16:40:20 IST" skipped="0">
  <testcase classname="practice.CreateorganisationTest" name="createorg" time="18.812"/>
  <system-out/>
</testsuite> <!-- practice.CreateorganisationTest -->
