<?xml version="1.0" encoding="UTF-8"?>
<!-- Generated by org.testng.reporters.JUnitReportReporter -->
<testsuite hostname="LAPTOP-N7JTQDTK" failures="0" tests="1" name="practice.CreateorganisationTest" time="11.683" errors="0" timestamp="2023-03-31T11:00:06 IST" skipped="0">
  <testcase classname="practice.CreateorganisationTest" name="createorg" time="11.683"/>
  <system-out/>
</testsuite> <!-- practice.CreateorganisationTest -->
