<?xml version="1.0" encoding="UTF-8"?>
<!-- Generated by org.testng.reporters.JUnitReportReporter -->
<testsuite hostname="LAPTOP-N7JTQDTK" failures="0" tests="2" name="practice.Practice_Test" time="0.002" errors="0" timestamp="2023-03-31T11:00:06 IST" skipped="0">
  <testcase classname="practice.Practice_Test" name="smoke" time="0.001"/>
  <system-out/>
  <testcase classname="practice.Practice_Test" name="regress" time="0.001"/>
  <system-out/>
</testsuite> <!-- practice.Practice_Test -->
